Arguments: 
  /usr/local/Cellar/node/16.10.0/bin/node /usr/local/bin/yarn run test

PATH: 
  /usr/local/bin:/usr/bin:/bin:/usr/sbin:/sbin:/Applications/VMware Fusion.app/Contents/Public:/usr/local/go/bin:/usr/local/share/dotnet:/opt/X11/bin:/opt/devkitpro/tools/bin:~/.dotnet/tools:/Library/Apple/usr/bin:/Library/Frameworks/Mono.framework/Versions/Current/Commands:/Applications/Visual Studio Code.app/Contents/Resources/app/bin:/Applications/Visual Studio Code.app/Contents/Resources/app/bin

Yarn version: 
  1.22.18

Node version: 
  16.10.0

Platform: 
  darwin x64

Trace: 
  SyntaxError: /Users/mac/Downloads/temp/Trident-Take2/package.json: Unexpected token } in JSON at position 1841
      at JSON.parse (<anonymous>)
      at /usr/local/lib/node_modules/yarn/lib/cli.js:1625:59
      at Generator.next (<anonymous>)
      at step (/usr/local/lib/node_modules/yarn/lib/cli.js:310:30)
      at /usr/local/lib/node_modules/yarn/lib/cli.js:321:13

npm manifest: 
  {
    "name": "trident",
    "version": "2.0.8",
    "description": "A game engine for the web.",
    "keywords": [
      "physx",
      "three",
      "ecs",
      "components",
      "game",
      "engine",
      "webgl",
      "physics"
    ],
    "author": {
      "name": "AIFanatic",
      "url": "https://github.com"
    },
    "homepage": "https://github.com",
    "license": "MIT",
    "main": "dist/trident-bundle.js",
    "types": "dist/esm/index.d.ts",
    "module": "dist/esm/index.js",
    "dependencies": {
      "three": "0.123.0",
      "trident-physx-js-webidl": "^0.4.11"
    },
    "devDependencies": {
      "@types/resize-observer-browser": "^0.1.7",
      "esbuild": "^0.12.21",
      "jasmine": "^4.1.0",
      "typedoc": "^0.21.6",
      "typedoc-plugin-markdown": "^3.10.4",
      "typedoc-plugin-no-inherit": "^1.3.0",
      "typescript": "4.1.3"
    },
    "scripts": {
      "build:all": "npm run build && npm run build:examples && npm run docs",
      "build": "npm run build:iife-bundle && npm run build:esm-bundle && npm run build:esm",
      "build:iife-bundle": "esbuild src/index.ts --bundle --outfile=dist/trident-bundle.js --target=es2020 --format=iife --global-name=trident",
      "build:esm-bundle": "esbuild src/index.ts --bundle --outfile=dist/esm/trident-esm-bundle.js --target=es2020 --format=esm",
      "build:esm": "tsc -m es2020 && cp ./dist/esm/index.d.ts ./dist/esm/trident-esm-bundle.d.ts",
      "build:examples": "rm -rf ./dist-examples && tsc -p tsconfig.examples.json && node ./examples/scripts/postbuild.js && node ./examples/scripts/generatedoc.js && cp -r ./examples/assets ./dist-examples/",
      "dev": "esbuild src/index.ts --bundle --outfile=dist/esm/trident-esm-bundle.js --target=es2020 --format=esm --watch",
      "docs": "typedoc ./src/index.ts --excludeExternals --excludePrivate  && mv ./docs/modules.md ./docs/README.md",
      "test": "node ./test/run.js",
    }
  }

yarn manifest: 
  No manifest

Lockfile: 
  # THIS IS AN AUTOGENERATED FILE. DO NOT EDIT THIS FILE DIRECTLY.
  # yarn lockfile v1
  
  
  "@types/resize-observer-browser@^0.1.7":
    version "0.1.7"
    resolved "https://registry.npmjs.org/@types/resize-observer-browser/-/resize-observer-browser-0.1.7.tgz"
    integrity sha512-G9eN0Sn0ii9PWQ3Vl72jDPgeJwRWhv2Qk/nQkJuWmRmOB4HX3/BhD5SE1dZs/hzPZL/WKnvF0RHdTSG54QJFyg==
  
  balanced-match@^1.0.0:
    version "1.0.2"
    resolved "https://registry.npmjs.org/balanced-match/-/balanced-match-1.0.2.tgz"
    integrity sha512-3oSeUO0TMV67hN1AmbXsK4yaqU7tjiHlbxRDZOpH0KW9+CeX4bRAaX0Anxt0tx2MrpRpWwQaPwIlISEJhYU5Pw==
  
  brace-expansion@^1.1.7:
    version "1.1.11"
    resolved "https://registry.npmjs.org/brace-expansion/-/brace-expansion-1.1.11.tgz"
    integrity sha512-iCuPHDFgrHX7H2vEI/5xpz07zSHB00TpugqhmYtVmMO6518mCuRMoOYFldEBl0g187ufozdaHgWKcYFb61qGiA==
    dependencies:
      balanced-match "^1.0.0"
      concat-map "0.0.1"
  
  concat-map@0.0.1:
    version "0.0.1"
    resolved "https://registry.npmjs.org/concat-map/-/concat-map-0.0.1.tgz"
    integrity sha1-2Klr13/Wjfd5OnMDajug1UBdR3s=
  
  esbuild@^0.12.21:
    version "0.12.21"
    resolved "https://registry.npmjs.org/esbuild/-/esbuild-0.12.21.tgz"
    integrity sha512-7hyXbU3g94aREufI/5nls7Xcc+RGQeZWZApm6hoBaFvt2BPtpT4TjFMQ9Tb1jU8XyBGz00ShmiyflCogphMHFQ==
  
  fs.realpath@^1.0.0:
    version "1.0.0"
    resolved "https://registry.npmjs.org/fs.realpath/-/fs.realpath-1.0.0.tgz"
    integrity sha1-FQStJSMVjKpA20onh8sBQRmU6k8=
  
  glob@^7.1.6:
    version "7.2.0"
    resolved "https://registry.yarnpkg.com/glob/-/glob-7.2.0.tgz#d15535af7732e02e948f4c41628bd910293f6023"
    integrity sha512-lmLf6gtyrPq8tTjSmrO94wBeQbFR3HbLHbuyD69wuyQkImp2hWqMGB47OX65FBkPffO641IP9jWa1z4ivqG26Q==
    dependencies:
      fs.realpath "^1.0.0"
      inflight "^1.0.4"
      inherits "2"
      minimatch "^3.0.4"
      once "^1.3.0"
      path-is-absolute "^1.0.0"
  
  glob@^7.1.7:
    version "7.1.7"
    resolved "https://registry.npmjs.org/glob/-/glob-7.1.7.tgz"
    integrity sha512-OvD9ENzPLbegENnYP5UUfJIirTg4+XwMWGaQfQTY0JenxNvvIKP3U3/tAQSPIu/lHxXYSZmpXlUHeqAIdKzBLQ==
    dependencies:
      fs.realpath "^1.0.0"
      inflight "^1.0.4"
      inherits "2"
      minimatch "^3.0.4"
      once "^1.3.0"
      path-is-absolute "^1.0.0"
  
  handlebars@^4.7.7:
    version "4.7.7"
    resolved "https://registry.npmjs.org/handlebars/-/handlebars-4.7.7.tgz"
    integrity sha512-aAcXm5OAfE/8IXkcZvCepKU3VzW1/39Fb5ZuqMtgI/hT8X2YgoMvBY5dLhq/cpOvw7Lk1nK/UF71aLG/ZnVYRA==
    dependencies:
      minimist "^1.2.5"
      neo-async "^2.6.0"
      source-map "^0.6.1"
      wordwrap "^1.0.0"
    optionalDependencies:
      uglify-js "^3.1.4"
  
  inflight@^1.0.4:
    version "1.0.6"
    resolved "https://registry.npmjs.org/inflight/-/inflight-1.0.6.tgz"
    integrity sha1-Sb1jMdfQLQwJvJEKEHW6gWW1bfk=
    dependencies:
      once "^1.3.0"
      wrappy "1"
  
  inherits@2:
    version "2.0.4"
    resolved "https://registry.npmjs.org/inherits/-/inherits-2.0.4.tgz"
    integrity sha512-k/vGaX4/Yla3WzyMCvTQOXYeIHvqOKtnqBduzTHpzpQZzAskKMhZ2K+EnBiSM9zGSoIFeMpXKxa4dYeZIQqewQ==
  
  jasmine-core@^4.1.0:
    version "4.1.0"
    resolved "https://registry.yarnpkg.com/jasmine-core/-/jasmine-core-4.1.0.tgz#2377349b0e8bfd3fbdb36c9e4f09e3b1a17cf5c2"
    integrity sha512-8E8BiffCL8sBwK1zU9cbavLe8xpJAgOduSJ6N8PJVv8VosQ/nxVTuXj2kUeHxTlZBVvh24G19ga7xdiaxlceKg==
  
  jasmine@^4.1.0:
    version "4.1.0"
    resolved "https://registry.yarnpkg.com/jasmine/-/jasmine-4.1.0.tgz#0de347ca8bb6cc764b0ed186ae4cfc45bd64bdc4"
    integrity sha512-4VhjbUgwfNS9CBnUMoSWr9tdNgOoOhNIjAD8YRxTn+PmOf4qTSC0Uqhk66dWGnz2vJxtNIU0uBjiwnsp4Ud9VA==
    dependencies:
      glob "^7.1.6"
      jasmine-core "^4.1.0"
  
  json5@^2.2.0:
    version "2.2.0"
    resolved "https://registry.npmjs.org/json5/-/json5-2.2.0.tgz"
    integrity sha512-f+8cldu7X/y7RAJurMEJmdoKXGB/X550w2Nr3tTbezL6RwEE/iMcm+tZnXeoZtKuOq6ft8+CqzEkrIgx1fPoQA==
    dependencies:
      minimist "^1.2.5"
  
  lru-cache@^5.1.1:
    version "5.1.1"
    resolved "https://registry.npmjs.org/lru-cache/-/lru-cache-5.1.1.tgz"
    integrity sha512-KpNARQA3Iwv+jTA0utUVVbrh+Jlrr1Fv0e56GGzAFOXN7dk/FviaDW8LHmK52DlcH4WP2n6gI8vN1aesBFgo9w==
    dependencies:
      yallist "^3.0.2"
  
  lunr@^2.3.9:
    version "2.3.9"
    resolved "https://registry.npmjs.org/lunr/-/lunr-2.3.9.tgz"
    integrity sha512-zTU3DaZaF3Rt9rhN3uBMGQD3dD2/vFQqnvZCDv4dl5iOzq2IZQqTxu90r4E5J+nP70J3ilqVCrbho2eWaeW8Ow==
  
  marked@^2.1.1:
    version "2.1.3"
    resolved "https://registry.npmjs.org/marked/-/marked-2.1.3.tgz"
    integrity sha512-/Q+7MGzaETqifOMWYEA7HVMaZb4XbcRfaOzcSsHZEith83KGlvaSG33u0SKu89Mj5h+T8V2hM+8O45Qc5XTgwA==
  
  minimatch@^3.0.0, minimatch@^3.0.4:
    version "3.0.4"
    resolved "https://registry.npmjs.org/minimatch/-/minimatch-3.0.4.tgz"
    integrity sha512-yJHVQEhyqPLUTgt9B83PXu6W3rx4MvvHvSUvToogpwoGDOUQ+yDrR0HRot+yOCdCO7u4hX3pWft6kWBBcqh0UA==
    dependencies:
      brace-expansion "^1.1.7"
  
  minimist@^1.2.5:
    version "1.2.5"
    resolved "https://registry.npmjs.org/minimist/-/minimist-1.2.5.tgz"
    integrity sha512-FM9nNUYrRBAELZQT3xeZQ7fmMOBg6nWNmJKTcgsJeaLstP/UODVpGsr5OhXhhXg6f+qtJ8uiZ+PUxkDWcgIXLw==
  
  neo-async@^2.6.0:
    version "2.6.2"
    resolved "https://registry.npmjs.org/neo-async/-/neo-async-2.6.2.tgz"
    integrity sha512-Yd3UES5mWCSqR+qNT93S3UoYUkqAZ9lLg8a7g9rimsWmYGK8cVToA4/sF3RrshdyV3sAGMXVUmpMYOw+dLpOuw==
  
  once@^1.3.0:
    version "1.4.0"
    resolved "https://registry.npmjs.org/once/-/once-1.4.0.tgz"
    integrity sha1-WDsap3WWHUsROsF9nFC6753Xa9E=
    dependencies:
      wrappy "1"
  
  onigasm@^2.2.5:
    version "2.2.5"
    resolved "https://registry.npmjs.org/onigasm/-/onigasm-2.2.5.tgz"
    integrity sha512-F+th54mPc0l1lp1ZcFMyL/jTs2Tlq4SqIHKIXGZOR/VkHkF9A7Fr5rRr5+ZG/lWeRsyrClLYRq7s/yFQ/XhWCA==
    dependencies:
      lru-cache "^5.1.1"
  
  path-is-absolute@^1.0.0:
    version "1.0.1"
    resolved "https://registry.npmjs.org/path-is-absolute/-/path-is-absolute-1.0.1.tgz"
    integrity sha1-F0uSaHNVNP+8es5r9TpanhtcX18=
  
  progress@^2.0.3:
    version "2.0.3"
    resolved "https://registry.npmjs.org/progress/-/progress-2.0.3.tgz"
    integrity sha512-7PiHtLll5LdnKIMw100I+8xJXR5gW2QwWYkT6iJva0bXitZKa/XMrSbdmg3r2Xnaidz9Qumd0VPaMrZlF9V9sA==
  
  shiki@^0.9.3:
    version "0.9.7"
    resolved "https://registry.npmjs.org/shiki/-/shiki-0.9.7.tgz"
    integrity sha512-rOoAmwRWDiGKjQ1GaSKmbp1J5CamCera+I+DMM3wG/phbwNYQPt1mrjBBZbK66v80Vl1/A9TTLgXVHMbgtOCIQ==
    dependencies:
      json5 "^2.2.0"
      onigasm "^2.2.5"
      vscode-textmate "5.2.0"
  
  source-map@^0.6.1:
    version "0.6.1"
    resolved "https://registry.npmjs.org/source-map/-/source-map-0.6.1.tgz"
    integrity sha512-UjgapumWlbMhkBgzT7Ykc5YXUT46F0iKu8SGXq0bcwP5dz/h0Plj6enJqjz1Zbq2l5WaqYnrVbwWOWMyF3F47g==
  
  three@0.123.0:
    version "0.123.0"
    resolved "https://registry.npmjs.org/three/-/three-0.123.0.tgz"
    integrity sha512-KNnx/IbilvoHRkxOtL0ouozoDoElyuvAXhFB21RK7F5IPWSmqyFelICK6x3hJerLNSlAdHxR0hkuvMMhH9pqXg==
  
  trident-physx-js-webidl@^0.4.11:
    version "0.4.11"
    resolved "https://registry.yarnpkg.com/trident-physx-js-webidl/-/trident-physx-js-webidl-0.4.11.tgz#ad8cf6845d41f2ea03c38185a2e7d2d1ff61ec2a"
    integrity sha512-8Hsgi1WMgD3Z+ew6le51UhN9/C9rAgnFWXlgK7aOBrWFbip5bRPzqEoa2OwxNLJKOlHPC3Vlh7Ok4CV1yFWerg==
  
  typedoc-default-themes@^0.12.10:
    version "0.12.10"
    resolved "https://registry.npmjs.org/typedoc-default-themes/-/typedoc-default-themes-0.12.10.tgz"
    integrity sha512-fIS001cAYHkyQPidWXmHuhs8usjP5XVJjWB8oZGqkTowZaz3v7g3KDZeeqE82FBrmkAnIBOY3jgy7lnPnqATbA==
  
  typedoc-plugin-markdown@^3.10.4:
    version "3.10.4"
    resolved "https://registry.npmjs.org/typedoc-plugin-markdown/-/typedoc-plugin-markdown-3.10.4.tgz"
    integrity sha512-if9w7S9fXLg73AYi/EoRSEhTOZlg3I8mIP8YEmvzSE33VrNXC9/hA0nVcLEwFVJeQY7ay6z67I6kW0KIv7LjeA==
    dependencies:
      handlebars "^4.7.7"
  
  typedoc-plugin-no-inherit@^1.3.0:
    version "1.3.0"
    resolved "https://registry.npmjs.org/typedoc-plugin-no-inherit/-/typedoc-plugin-no-inherit-1.3.0.tgz"
    integrity sha512-Om4yu8sDHkHWi6FcOYUbg6fv2jh7kS51xbuZ/zs4VEtO5bJwTkO8FlzRUyDrTA3puxvF9XcoottntD0mpEgULg==
  
  typedoc@^0.21.6:
    version "0.21.6"
    resolved "https://registry.npmjs.org/typedoc/-/typedoc-0.21.6.tgz"
    integrity sha512-+4u3PEBjQdaL5/yfus5WJbjIdQHv7E/FpZq3cNki9BBdGmZhqnTF6JLIXDQ2EfVggojOJG9/soB5QVFgXRYnIw==
    dependencies:
      glob "^7.1.7"
      handlebars "^4.7.7"
      lunr "^2.3.9"
      marked "^2.1.1"
      minimatch "^3.0.0"
      progress "^2.0.3"
      shiki "^0.9.3"
      typedoc-default-themes "^0.12.10"
  
  typescript@4.1.3:
    version "4.1.3"
    resolved "https://registry.npmjs.org/typescript/-/typescript-4.1.3.tgz"
    integrity sha512-B3ZIOf1IKeH2ixgHhj6la6xdwR9QrLC5d1VKeCSY4tvkqhF2eqd9O7txNlS0PO3GrBAFIdr3L1ndNwteUbZLYg==
  
  uglify-js@^3.1.4:
    version "3.14.1"
    resolved "https://registry.npmjs.org/uglify-js/-/uglify-js-3.14.1.tgz"
    integrity sha512-JhS3hmcVaXlp/xSo3PKY5R0JqKs5M3IV+exdLHW99qKvKivPO4Z8qbej6mte17SOPqAOVMjt/XGgWacnFSzM3g==
  
  vscode-textmate@5.2.0:
    version "5.2.0"
    resolved "https://registry.npmjs.org/vscode-textmate/-/vscode-textmate-5.2.0.tgz"
    integrity sha512-Uw5ooOQxRASHgu6C7GVvUxisKXfSgW4oFlO+aa+PAkgmH89O3CXxEEzNRNtHSqtXFTl0nAC1uYj0GMSH27uwtQ==
  
  wordwrap@^1.0.0:
    version "1.0.0"
    resolved "https://registry.npmjs.org/wordwrap/-/wordwrap-1.0.0.tgz"
    integrity sha1-J1hIEIkUVqQXHI0CJkQa3pDLyus=
  
  wrappy@1:
    version "1.0.2"
    resolved "https://registry.npmjs.org/wrappy/-/wrappy-1.0.2.tgz"
    integrity sha1-tSQ9jz7BqjXxNkYFvA0QNuMKtp8=
  
  yallist@^3.0.2:
    version "3.1.1"
    resolved "https://registry.npmjs.org/yallist/-/yallist-3.1.1.tgz"
    integrity sha512-a4UGQaWPH59mOXUYnAG2ewncQS4i4F43Tv3JoAM+s2VDAmS9NsK8GpDMLrCHPksFT7h3K6TOoUNn2pb7RoXx4g==
